-- Running vcpkg install
Detecting compiler hash for triplet x64-windows...
Compiler found: C:/VisualStudio/BuildTools/VC/Tools/MSVC/14.50.35717/bin/Hostx64/x64/cl.exe
Detecting compiler hash for triplet x64-windows-static...
Compiler found: C:/VisualStudio/BuildTools/VC/Tools/MSVC/14.50.35717/bin/Hostx64/x64/cl.exe
The following packages will be built and installed:
  * fmt:x64-windows-static@12.1.0
    libflac[core,stack-protector]:x64-windows-static@1.5.0
  * libogg:x64-windows-static@1.3.6#1
    spdlog[core,fmt,tz-offset]:x64-windows-static@1.17.0
    utf8proc:x64-windows-static@2.11.3
  * vcpkg-cmake:x64-windows@2024-04-23
  * vcpkg-cmake-config:x64-windows@2024-05-23
    xxhash:x64-windows-static@0.8.3
    zlib-ng:x64-windows-static@2.3.3 -- D:/Documents/GitHub/CHDlite/vcpkg-overlays\zlib-ng
    zstd:x64-windows-static@1.5.7
Additional packages (*) will be modified to complete this operation.
Restored 10 package(s) from C:\Users\max\AppData\Local\vcpkg\archives in 248 ms. Use --debug to see more details.
Installing 1/10 vcpkg-cmake-config:x64-windows@2024-05-23...
vcpkg-cmake-config:x64-windows@2024-05-23 package ABI: 8ac2e2ef25e32c4ae75825e3f2464f5b0a987d77c1e367d0a02b78f380982723
Elapsed time to handle vcpkg-cmake-config:x64-windows: 4.47 ms
Installing 2/10 vcpkg-cmake:x64-windows@2024-04-23...
vcpkg-cmake:x64-windows@2024-04-23 package ABI: c93b05c057010d4bd552f874d436f93e55d0d69479439bb3001edc15b0dfa325
Elapsed time to handle vcpkg-cmake:x64-windows: 5.14 ms
Installing 3/10 libogg:x64-windows-static@1.3.6#1...
libogg:x64-windows-static@1.3.6#1 package ABI: 4c6168fdfb8f43f1d8eb020ad5937bf2b1f23873143ffae2b2adaedf561e95ba
Elapsed time to handle libogg:x64-windows-static: 7.66 ms
Installing 4/10 libflac[core,stack-protector]:x64-windows-static@1.5.0...
libflac[core,stack-protector]:x64-windows-static@1.5.0 package ABI: 7c2d6007f1e5865c05eccd00ff5a3485969d2b37868ee21697df06a3a8d40286
Elapsed time to handle libflac:x64-windows-static: 12.9 ms
Installing 5/10 fmt:x64-windows-static@12.1.0...
fmt:x64-windows-static@12.1.0 package ABI: 10ee837d3477ab7ff541f8027e521546d904dbb63ff8cc3b4bc5f9308564ab8d
Elapsed time to handle fmt:x64-windows-static: 10.1 ms
Installing 6/10 spdlog[core,fmt,tz-offset]:x64-windows-static@1.17.0...
spdlog[core,fmt,tz-offset]:x64-windows-static@1.17.0 package ABI: d440bda45f9c1e6bc6683781144ea5313965876bad55a847040d4f056b669a4f
Elapsed time to handle spdlog:x64-windows-static: 31.5 ms
Installing 7/10 utf8proc:x64-windows-static@2.11.3...
utf8proc:x64-windows-static@2.11.3 package ABI: 5ae83347b61a4a2dd1a5a9aca76f8021d07b81cc3ccc0f84264c9238dcc208e3
Elapsed time to handle utf8proc:x64-windows-static: 6.82 ms
Installing 8/10 xxhash:x64-windows-static@0.8.3...
xxhash:x64-windows-static@0.8.3 package ABI: d9d538ec4eec4197dd1c49dc2cdef4895d04b89c25ca7e88ab149eca6636bc1f
Elapsed time to handle xxhash:x64-windows-static: 7.61 ms
Installing 9/10 zlib-ng:x64-windows-static@2.3.3...
zlib-ng:x64-windows-static@2.3.3 package ABI: d5e158ae3291f887356cd287f86dfac89df0300c75b61fd016bbacd34b4d3393
Elapsed time to handle zlib-ng:x64-windows-static: 6.96 ms
Installing 10/10 zstd:x64-windows-static@1.5.7...
zstd:x64-windows-static@1.5.7 package ABI: ba15302ec5233fbeed2bd38407fc3df72ee2dd34222c4ae9e9a339eefc25e61f
Elapsed time to handle zstd:x64-windows-static: 8.42 ms
Installed contents are licensed to you by owners. Microsoft is not responsible for, nor does it grant any licenses to, third-party packages.
Packages installed in this vcpkg installation declare the following licenses:
(BSD-3-Clause OR GPL-2.0-only)
BSD-2-Clause
BSD-3-Clause
MIT
Zlib
The package libflac provides CMake targets:

    find_package(FLAC CONFIG REQUIRED)
    target_link_libraries(main PRIVATE FLAC::FLAC)
    
    # Or use the C++ API
    find_package(FLAC CONFIG REQUIRED)
    target_link_libraries(main PRIVATE FLAC::FLAC++)

The package spdlog provides CMake targets:

    find_package(spdlog CONFIG REQUIRED)
    target_link_libraries(main PRIVATE spdlog::spdlog)

    # Or use the header-only version
    find_package(spdlog CONFIG REQUIRED)
    target_link_libraries(main PRIVATE spdlog::spdlog_header_only)

utf8proc provides CMake targets:

  # this is heuristically generated, and may not be correct
  find_package(unofficial-utf8proc CONFIG REQUIRED)
  target_link_libraries(main PRIVATE utf8proc)

  find_package(utf8proc CONFIG REQUIRED)
  target_link_libraries(main PRIVATE utf8proc::utf8proc)

utf8proc provides pkg-config modules:

  # UTF8 processing
  libutf8proc

xxhash provides CMake targets:

  # this is heuristically generated, and may not be correct
  find_package(xxHash CONFIG REQUIRED)
  target_link_libraries(main PRIVATE xxHash::xxhash)

xxhash provides pkg-config modules:

  # extremely fast hash algorithm
  libxxhash

zlib-ng provides CMake targets:

  # this is heuristically generated, and may not be correct
  find_package(zlib CONFIG REQUIRED)
  target_link_libraries(main PRIVATE ZLIB::ZLIB)

zlib-ng provides pkg-config modules:

  # zlib-ng compression library
  zlib

zstd provides CMake targets:

  find_package(zstd CONFIG REQUIRED)
  target_link_libraries(main PRIVATE zstd::libzstd)

All requested installations completed successfully in: 105 ms
-- Running vcpkg install - done
-- The C compiler identification is Clang 22.1.3 with GNU-like command-line
-- The CXX compiler identification is Clang 22.1.3 with GNU-like command-line
-- Detecting C compiler ABI info
-- Detecting C compiler ABI info - done
-- Check for working C compiler: C:/LLVM/bin/clang.exe - skipped
-- Detecting C compile features
-- Detecting C compile features - done
-- Detecting CXX compiler ABI info
-- Detecting CXX compiler ABI info - done
-- Check for working CXX compiler: C:/LLVM/bin/clang++.exe - skipped
-- Detecting CXX compile features
-- Detecting CXX compile features - done
-- Found ZLIB: optimized;D:/Documents/GitHub/CHDlite/build/vcpkg_installed/x64-windows-static/lib/zlibstatic.lib;debug;D:/Documents/GitHub/CHDlite/build/vcpkg_installed/x64-windows-static/debug/lib/zlibstaticd.lib (found version "1.3.1")
-- Performing Test CMAKE_HAVE_LIBC_PTHREAD
-- Performing Test CMAKE_HAVE_LIBC_PTHREAD - Failed
-- Looking for pthread_create in pthreads
-- Looking for pthread_create in pthreads - not found
-- Looking for pthread_create in pthread
-- Looking for pthread_create in pthread - not found
-- Check if compiler accepts -pthread
-- Check if compiler accepts -pthread - no
-- Found Threads: TRUE
-- Configuring done (14.1s)
-- Generating done (0.1s)
-- Build files have been written to: D:/Documents/GitHub/CHDlite/build
ninja: Entering directory `D:\Documents\GitHub\CHDlite\build'
[0/1] Re-running CMake...
-- Configuring done (0.1s)
-- Generating done (0.0s)
-- Build files have been written to: D:/Documents/GitHub/CHDlite/build
[1/100] Scanning D:/Documents/GitHub/CHDlite/src/mame/util/hashing.cpp for CXX dependencies
[2/100] Scanning D:/Documents/GitHub/CHDlite/src/mame/util/chdcodec.cpp for CXX dependencies
[3/100] Scanning D:/Documents/GitHub/CHDlite/src/mame/util/chd.cpp for CXX dependencies
[4/100] Scanning D:/Documents/GitHub/CHDlite/src/mame/util/cdrom.cpp for CXX dependencies
[5/100] Scanning D:/Documents/GitHub/CHDlite/src/mame/util/md5.cpp for CXX dependencies
[6/100] Scanning D:/Documents/GitHub/CHDlite/src/mame/util/ioprocs.cpp for CXX dependencies
[7/100] Scanning D:/Documents/GitHub/CHDlite/src/mame/util/corefile.cpp for CXX dependencies
[8/100] Scanning D:/Documents/GitHub/CHDlite/src/mame/util/avhuff.cpp for CXX dependencies
[9/100] Scanning D:/Documents/GitHub/CHDlite/src/mame/util/huffman.cpp for CXX dependencies
[10/100] Scanning D:/Documents/GitHub/CHDlite/src/mame/util/palette.cpp for CXX dependencies
[11/100] Scanning D:/Documents/GitHub/CHDlite/src/mame/util/bitmap.cpp for CXX dependencies
[12/100] Scanning D:/Documents/GitHub/CHDlite/src/mame/util/flac.cpp for CXX dependencies
[13/100] Scanning D:/Documents/GitHub/CHDlite/src/mame/util/unicode.cpp for CXX dependencies
[14/100] Scanning D:/Documents/GitHub/CHDlite/src/mame/util/corestr.cpp for CXX dependencies
[15/100] Scanning D:/Documents/GitHub/CHDlite/src/mame/util/path.cpp for CXX dependencies
[16/100] Scanning D:/Documents/GitHub/CHDlite/src/mame/util/strformat.cpp for CXX dependencies
[17/100] Scanning D:/Documents/GitHub/CHDlite/src/mame/util/hash.cpp for CXX dependencies
[18/100] Scanning D:/Documents/GitHub/CHDlite/src/mame/util/vecstream.cpp for CXX dependencies
[19/100] Scanning D:/Documents/GitHub/CHDlite/src/mame/osd/osdfile_impl.cpp for CXX dependencies
[20/100] Scanning D:/Documents/GitHub/CHDlite/src/mame/osd/osdcore_impl.cpp for CXX dependencies
[21/100] Scanning D:/Documents/GitHub/CHDlite/src/mame/osd/osdsync.cpp for CXX dependencies
[22/100] Scanning D:/Documents/GitHub/CHDlite/src/mame/osd/strconv.cpp for CXX dependencies
[23/100] Building C object CMakeFiles/lzma_sdk.dir/src/3rdparty/lzma/C/LzmaDec.c.obj
[24/100] Building C object CMakeFiles/lzma_sdk.dir/src/3rdparty/lzma/C/LzmaEnc.c.obj
[25/100] Generating CXX dyndep file CMakeFiles/mame_chd_core.dir/CXX.dd
[26/100] Building C object CMakeFiles/lzma_sdk.dir/src/3rdparty/lzma/C/LzFind.c.obj
[27/100] Building C object CMakeFiles/lzma_sdk.dir/src/3rdparty/lzma/C/CpuArch.c.obj
[28/100] Scanning D:/Documents/GitHub/CHDlite/src/chd-api/chd_reader.cpp for CXX dependencies
[29/100] Scanning D:/Documents/GitHub/CHDlite/src/chd-api/chd_processor.cpp for CXX dependencies
[30/100] Scanning D:/Documents/GitHub/CHDlite/src/chd-api/chd_extractor.cpp for CXX dependencies
[31/100] Linking C static library D:\Documents\GitHub\CHDlite\Release\lib\lzma_sdk.lib
[32/100] Scanning D:/Documents/GitHub/CHDlite/src/chd-api/chd_archiver.cpp for CXX dependencies
[33/100] Scanning D:/Documents/GitHub/CHDlite/src/chd-api/detect_game_platform.cpp for CXX dependencies
[34/100] Building CXX object CMakeFiles/mame_chd_core.dir/src/mame/util/chdcodec.cpp.obj
In file included from <built-in>:497:
<command line>:3:9: warning: 'CRLF' macro redefined [-Wmacro-redefined]
    3 | #define CRLF 3
      |         ^
<command line>:2:9: note: previous definition is here
    2 | #define CRLF 2
      |         ^
In file included from D:/Documents/GitHub/CHDlite/src/mame/util/chdcodec.cpp:12:
In file included from D:/Documents/GitHub/CHDlite/src/mame/util\cdrom.h:15:
In file included from D:/Documents/GitHub/CHDlite/src/mame/util\chd.h:17:
In file included from D:/Documents/GitHub/CHDlite/src/mame/osd\osdcore.h:16:
D:/Documents/GitHub/CHDlite/src/mame/util\strformat.h:1685:17: warning: 'strerror' is deprecated: This function or variable may be unsafe. Consider using strerror_s instead. To disable deprecation, use _CRT_SECURE_NO_WARNINGS. See online help for details. [-Wdeprecated-declarations]
 1685 |                                 str << std::strerror(errno);
      |                                             ^
C:\Program Files (x86)\Windows Kits\10\Include\10.0.26100.0\ucrt\string.h:177:16: note: 'strerror' has been explicitly marked deprecated here
  177 | _Check_return_ _CRT_INSECURE_DEPRECATE(strerror_s)
      |                ^
C:\VisualStudio\BuildTools\VC\Tools\MSVC\14.50.35717\include\vcruntime.h:368:55: note: expanded from macro '_CRT_INSECURE_DEPRECATE'
  368 |         #define _CRT_INSECURE_DEPRECATE(_Replacement) _CRT_DEPRECATE_TEXT(    \
      |                                                       ^
C:\VisualStudio\BuildTools\VC\Tools\MSVC\14.50.35717\include\vcruntime.h:358:47: note: expanded from macro '_CRT_DEPRECATE_TEXT'
  358 | #define _CRT_DEPRECATE_TEXT(_Text) __declspec(deprecated(_Text))
      |                                               ^
D:/Documents/GitHub/CHDlite/src/mame/util/chdcodec.cpp:1903:6: warning: 'sscanf' is deprecated: This function or variable may be unsafe. Consider using sscanf_s instead. To disable deprecation, use _CRT_SECURE_NO_WARNINGS. See online help for details. [-Wdeprecated-declarations]
 1903 |         if (sscanf(metadata.c_str(), AV_METADATA_FORMAT, &fps, &fpsfrac, &width, &height, &interlaced, &channels, &rate) != 7)
      |             ^
C:\Program Files (x86)\Windows Kits\10\Include\10.0.26100.0\ucrt\stdio.h:2239:20: note: 'sscanf' has been explicitly marked deprecated here
 2239 |     _Check_return_ _CRT_INSECURE_DEPRECATE(sscanf_s)
      |                    ^
C:\VisualStudio\BuildTools\VC\Tools\MSVC\14.50.35717\include\vcruntime.h:368:55: note: expanded from macro '_CRT_INSECURE_DEPRECATE'
  368 |         #define _CRT_INSECURE_DEPRECATE(_Replacement) _CRT_DEPRECATE_TEXT(    \
      |                                                       ^
C:\VisualStudio\BuildTools\VC\Tools\MSVC\14.50.35717\include\vcruntime.h:358:47: note: expanded from macro '_CRT_DEPRECATE_TEXT'
  358 | #define _CRT_DEPRECATE_TEXT(_Text) __declspec(deprecated(_Text))
      |                                               ^
3 warnings generated.
[35/100] Building CXX object CMakeFiles/mame_chd_core.dir/src/mame/util/hashing.cpp.obj
In file included from <built-in>:497:
<command line>:3:9: warning: 'CRLF' macro redefined [-Wmacro-redefined]
    3 | #define CRLF 3
      |         ^
<command line>:2:9: note: previous definition is here
    2 | #define CRLF 2
      |         ^
In file included from D:/Documents/GitHub/CHDlite/src/mame/util/hashing.cpp:13:
D:/Documents/GitHub/CHDlite/src/mame/util\strformat.h:1685:17: warning: 'strerror' is deprecated: This function or variable may be unsafe. Consider using strerror_s instead. To disable deprecation, use _CRT_SECURE_NO_WARNINGS. See online help for details. [-Wdeprecated-declarations]
 1685 |                                 str << std::strerror(errno);
      |                                             ^
C:\Program Files (x86)\Windows Kits\10\Include\10.0.26100.0\ucrt\string.h:177:16: note: 'strerror' has been explicitly marked deprecated here
  177 | _Check_return_ _CRT_INSECURE_DEPRECATE(strerror_s)
      |                ^
C:\VisualStudio\BuildTools\VC\Tools\MSVC\14.50.35717\include\vcruntime.h:368:55: note: expanded from macro '_CRT_INSECURE_DEPRECATE'
  368 |         #define _CRT_INSECURE_DEPRECATE(_Replacement) _CRT_DEPRECATE_TEXT(    \
      |                                                       ^
C:\VisualStudio\BuildTools\VC\Tools\MSVC\14.50.35717\include\vcruntime.h:358:47: note: expanded from macro '_CRT_DEPRECATE_TEXT'
  358 | #define _CRT_DEPRECATE_TEXT(_Text) __declspec(deprecated(_Text))
      |                                               ^
2 warnings generated.
[36/100] Building CXX object CMakeFiles/mame_chd_core.dir/src/mame/util/chd.cpp.obj
In file included from <built-in>:497:
<command line>:3:9: warning: 'CRLF' macro redefined [-Wmacro-redefined]
    3 | #define CRLF 3
      |         ^
<command line>:2:9: note: previous definition is here
    2 | #define CRLF 2
      |         ^
In file included from D:/Documents/GitHub/CHDlite/src/mame/util/chd.cpp:9:
In file included from D:/Documents/GitHub/CHDlite/src/mame/util\chd.h:17:
In file included from D:/Documents/GitHub/CHDlite/src/mame/osd\osdcore.h:16:
D:/Documents/GitHub/CHDlite/src/mame/util\strformat.h:1685:17: warning: 'strerror' is deprecated: This function or variable may be unsafe. Consider using strerror_s instead. To disable deprecation, use _CRT_SECURE_NO_WARNINGS. See online help for details. [-Wdeprecated-declarations]
 1685 |                                 str << std::strerror(errno);
      |                                             ^
C:\Program Files (x86)\Windows Kits\10\Include\10.0.26100.0\ucrt\string.h:177:16: note: 'strerror' has been explicitly marked deprecated here
  177 | _Check_return_ _CRT_INSECURE_DEPRECATE(strerror_s)
      |                ^
C:\VisualStudio\BuildTools\VC\Tools\MSVC\14.50.35717\include\vcruntime.h:368:55: note: expanded from macro '_CRT_INSECURE_DEPRECATE'
  368 |         #define _CRT_INSECURE_DEPRECATE(_Replacement) _CRT_DEPRECATE_TEXT(    \
      |                                                       ^
C:\VisualStudio\BuildTools\VC\Tools\MSVC\14.50.35717\include\vcruntime.h:358:47: note: expanded from macro '_CRT_DEPRECATE_TEXT'
  358 | #define _CRT_DEPRECATE_TEXT(_Text) __declspec(deprecated(_Text))
      |                                               ^
D:/Documents/GitHub/CHDlite/src/mame/util/chd.cpp:1867:61: warning: 'sscanf' is deprecated: This function or variable may be unsafe. Consider using sscanf_s instead. To disable deprecation, use _CRT_SECURE_NO_WARNINGS. See online help for details. [-Wdeprecated-declarations]
 1867 |         if (!read_metadata(HARD_DISK_METADATA_TAG, 0, metadata) && sscanf(metadata.c_str(), HARD_DISK_METADATA_FORMAT, &i0, &i1, &i2, &i3) == 4)
      |                                                                    ^
C:\Program Files (x86)\Windows Kits\10\Include\10.0.26100.0\ucrt\stdio.h:2239:20: note: 'sscanf' has been explicitly marked deprecated here
 2239 |     _Check_return_ _CRT_INSECURE_DEPRECATE(sscanf_s)
      |                    ^
C:\VisualStudio\BuildTools\VC\Tools\MSVC\14.50.35717\include\vcruntime.h:368:55: note: expanded from macro '_CRT_INSECURE_DEPRECATE'
  368 |         #define _CRT_INSECURE_DEPRECATE(_Replacement) _CRT_DEPRECATE_TEXT(    \
      |                                                       ^
C:\VisualStudio\BuildTools\VC\Tools\MSVC\14.50.35717\include\vcruntime.h:358:47: note: expanded from macro '_CRT_DEPRECATE_TEXT'
  358 | #define _CRT_DEPRECATE_TEXT(_Text) __declspec(deprecated(_Text))
      |                                               ^
3 warnings generated.
[37/100] Building CXX object CMakeFiles/mame_chd_core.dir/src/mame/util/md5.cpp.obj
In file included from <built-in>:497:
<command line>:3:9: warning: 'CRLF' macro redefined [-Wmacro-redefined]
    3 | #define CRLF 3
      |         ^
<command line>:2:9: note: previous definition is here
    2 | #define CRLF 2
      |         ^
1 warning generated.
[38/100] Building CXX object CMakeFiles/mame_chd_core.dir/src/mame/util/cdrom.cpp.obj
In file included from <built-in>:497:
<command line>:3:9: warning: 'CRLF' macro redefined [-Wmacro-redefined]
    3 | #define CRLF 3
      |         ^
<command line>:2:9: note: previous definition is here
    2 | #define CRLF 2
      |         ^
In file included from D:/Documents/GitHub/CHDlite/src/mame/util/cdrom.cpp:19:
In file included from D:/Documents/GitHub/CHDlite/src/mame/util\cdrom.h:15:
In file included from D:/Documents/GitHub/CHDlite/src/mame/util\chd.h:17:
In file included from D:/Documents/GitHub/CHDlite/src/mame/osd\osdcore.h:16:
D:/Documents/GitHub/CHDlite/src/mame/util\strformat.h:1685:17: warning: 'strerror' is deprecated: This function or variable may be unsafe. Consider using strerror_s instead. To disable deprecation, use _CRT_SECURE_NO_WARNINGS. See online help for details. [-Wdeprecated-declarations]
 1685 |                                 str << std::strerror(errno);
      |                                             ^
C:\Program Files (x86)\Windows Kits\10\Include\10.0.26100.0\ucrt\string.h:177:16: note: 'strerror' has been explicitly marked deprecated here
  177 | _Check_return_ _CRT_INSECURE_DEPRECATE(strerror_s)
      |                ^
C:\VisualStudio\BuildTools\VC\Tools\MSVC\14.50.35717\include\vcruntime.h:368:55: note: expanded from macro '_CRT_INSECURE_DEPRECATE'
  368 |         #define _CRT_INSECURE_DEPRECATE(_Replacement) _CRT_DEPRECATE_TEXT(    \
      |                                                       ^
C:\VisualStudio\BuildTools\VC\Tools\MSVC\14.50.35717\include\vcruntime.h:358:47: note: expanded from macro '_CRT_DEPRECATE_TEXT'
  358 | #define _CRT_DEPRECATE_TEXT(_Text) __declspec(deprecated(_Text))
      |                                               ^
D:/Documents/GitHub/CHDlite/src/mame/util/cdrom.cpp:926:8: warning: 'sscanf' is deprecated: This function or variable may be unsafe. Consider using sscanf_s instead. To disable deprecation, use _CRT_SECURE_NO_WARNINGS. See online help for details. [-Wdeprecated-declarations]
  926 |                         if (sscanf(metadata.c_str(), CDROM_TRACK_METADATA_FORMAT, &tracknum, type, subtype, &frames) != 4)
      |                             ^
C:\Program Files (x86)\Windows Kits\10\Include\10.0.26100.0\ucrt\stdio.h:2239:20: note: 'sscanf' has been explicitly marked deprecated here
 2239 |     _Check_return_ _CRT_INSECURE_DEPRECATE(sscanf_s)
      |                    ^
C:\VisualStudio\BuildTools\VC\Tools\MSVC\14.50.35717\include\vcruntime.h:368:55: note: expanded from macro '_CRT_INSECURE_DEPRECATE'
  368 |         #define _CRT_INSECURE_DEPRECATE(_Replacement) _CRT_DEPRECATE_TEXT(    \
      |                                                       ^
C:\VisualStudio\BuildTools\VC\Tools\MSVC\14.50.35717\include\vcruntime.h:358:47: note: expanded from macro '_CRT_DEPRECATE_TEXT'
  358 | #define _CRT_DEPRECATE_TEXT(_Text) __declspec(deprecated(_Text))
      |                                               ^
D:/Documents/GitHub/CHDlite/src/mame/util/cdrom.cpp:931:8: warning: 'sscanf' is deprecated: This function or variable may be unsafe. Consider using sscanf_s instead. To disable deprecation, use _CRT_SECURE_NO_WARNINGS. See online help for details. [-Wdeprecated-declarations]
  931 |                         if (sscanf(metadata.c_str(), CDROM_TRACK_METADATA2_FORMAT, &tracknum, type, subtype, &frames, &pregap, pgtype, pgsub, &postgap) != 8)
      |                             ^
C:\Program Files (x86)\Windows Kits\10\Include\10.0.26100.0\ucrt\stdio.h:2239:20: note: 'sscanf' has been explicitly marked deprecated here
 2239 |     _Check_return_ _CRT_INSECURE_DEPRECATE(sscanf_s)
      |                    ^
C:\VisualStudio\BuildTools\VC\Tools\MSVC\14.50.35717\include\vcruntime.h:368:55: note: expanded from macro '_CRT_INSECURE_DEPRECATE'
  368 |         #define _CRT_INSECURE_DEPRECATE(_Replacement) _CRT_DEPRECATE_TEXT(    \
      |                                                       ^
C:\VisualStudio\BuildTools\VC\Tools\MSVC\14.50.35717\include\vcruntime.h:358:47: note: expanded from macro '_CRT_DEPRECATE_TEXT'
  358 | #define _CRT_DEPRECATE_TEXT(_Text) __declspec(deprecated(_Text))
      |                                               ^
D:/Documents/GitHub/CHDlite/src/mame/util/cdrom.cpp:946:8: warning: 'sscanf' is deprecated: This function or variable may be unsafe. Consider using sscanf_s instead. To disable deprecation, use _CRT_SECURE_NO_WARNINGS. See online help for details. [-Wdeprecated-declarations]
  946 |                         if (sscanf(metadata.c_str(), GDROM_TRACK_METADATA_FORMAT, &tracknum, type, subtype, &frames, &padframes, &pregap, pgtype, pgsub, &postgap) != 9)
      |                             ^
C:\Program Files (x86)\Windows Kits\10\Include\10.0.26100.0\ucrt\stdio.h:2239:20: note: 'sscanf' has been explicitly marked deprecated here
 2239 |     _Check_return_ _CRT_INSECURE_DEPRECATE(sscanf_s)
      |                    ^
C:\VisualStudio\BuildTools\VC\Tools\MSVC\14.50.35717\include\vcruntime.h:368:55: note: expanded from macro '_CRT_INSECURE_DEPRECATE'
  368 |         #define _CRT_INSECURE_DEPRECATE(_Replacement) _CRT_DEPRECATE_TEXT(    \
      |                                                       ^
C:\VisualStudio\BuildTools\VC\Tools\MSVC\14.50.35717\include\vcruntime.h:358:47: note: expanded from macro '_CRT_DEPRECATE_TEXT'
  358 | #define _CRT_DEPRECATE_TEXT(_Text) __declspec(deprecated(_Text))
      |                                               ^
D:/Documents/GitHub/CHDlite/src/mame/util/cdrom.cpp:1088:5: warning: 'strcpy' is deprecated: This function or variable may be unsafe. Consider using strcpy_s instead. To disable deprecation, use _CRT_SECURE_NO_WARNINGS. See online help for details. [-Wdeprecated-declarations]
 1088 |                                 strcpy(&submode[1], get_type_string(toc.tracks[i].pgtype));
      |                                 ^
C:\Program Files (x86)\Windows Kits\10\Include\10.0.26100.0\ucrt\string.h:130:1: note: 'strcpy' has been explicitly marked deprecated here
  130 | __DEFINE_CPP_OVERLOAD_STANDARD_FUNC_0_1(
      | ^
C:\Program Files (x86)\Windows Kits\10\Include\10.0.26100.0\ucrt\corecrt.h:874:5: note: expanded from macro '__DEFINE_CPP_OVERLOAD_STANDARD_FUNC_0_1'
  874 |     __DEFINE_CPP_OVERLOAD_STANDARD_FUNC_0_1_EX(_ReturnType, _ReturnPolicy, _DeclSpec, _FuncName, _FuncName##_s, _DstType, _SalAttributeDst, _DstType, _Dst, _TType1, _TArg1)
      |     ^
C:\Program Files (x86)\Windows Kits\10\Include\10.0.26100.0\ucrt\corecrt.h:1933:17: note: expanded from macro '__DEFINE_CPP_OVERLOAD_STANDARD_FUNC_0_1_EX'
 1933 |                 _CRT_INSECURE_DEPRECATE(_SecureFuncName) _DeclSpec _ReturnType __cdecl _FuncName(_SalAttributeDst _DstType *_Dst, _TType1 _TArg1);
      |                 ^
C:\VisualStudio\BuildTools\VC\Tools\MSVC\14.50.35717\include\vcruntime.h:368:55: note: expanded from macro '_CRT_INSECURE_DEPRECATE'
  368 |         #define _CRT_INSECURE_DEPRECATE(_Replacement) _CRT_DEPRECATE_TEXT(    \
      |                                                       ^
C:\VisualStudio\BuildTools\VC\Tools\MSVC\14.50.35717\include\vcruntime.h:358:47: note: expanded from macro '_CRT_DEPRECATE_TEXT'
  358 | #define _CRT_DEPRECATE_TEXT(_Text) __declspec(deprecated(_Text))
      |                                               ^
D:/Documents/GitHub/CHDlite/src/mame/util/cdrom.cpp:1093:5: warning: 'strcpy' is deprecated: This function or variable may be unsafe. Consider using strcpy_s instead. To disable deprecation, use _CRT_SECURE_NO_WARNINGS. See online help for details. [-Wdeprecated-declarations]
 1093 |                                 strcpy(submode, get_type_string(toc.tracks[i].pgtype));
      |                                 ^
C:\Program Files (x86)\Windows Kits\10\Include\10.0.26100.0\ucrt\string.h:130:1: note: 'strcpy' has been explicitly marked deprecated here
  130 | __DEFINE_CPP_OVERLOAD_STANDARD_FUNC_0_1(
      | ^
C:\Program Files (x86)\Windows Kits\10\Include\10.0.26100.0\ucrt\corecrt.h:874:5: note: expanded from macro '__DEFINE_CPP_OVERLOAD_STANDARD_FUNC_0_1'
  874 |     __DEFINE_CPP_OVERLOAD_STANDARD_FUNC_0_1_EX(_ReturnType, _ReturnPolicy, _DeclSpec, _FuncName, _FuncName##_s, _DstType, _SalAttributeDst, _DstType, _Dst, _TType1, _TArg1)
      |     ^
C:\Program Files (x86)\Windows Kits\10\Include\10.0.26100.0\ucrt\corecrt.h:1933:17: note: expanded from macro '__DEFINE_CPP_OVERLOAD_STANDARD_FUNC_0_1_EX'
 1933 |                 _CRT_INSECURE_DEPRECATE(_SecureFuncName) _DeclSpec _ReturnType __cdecl _FuncName(_SalAttributeDst _DstType *_Dst, _TType1 _TArg1);
      |                 ^
C:\VisualStudio\BuildTools\VC\Tools\MSVC\14.50.35717\include\vcruntime.h:368:55: note: expanded from macro '_CRT_INSECURE_DEPRECATE'
  368 |         #define _CRT_INSECURE_DEPRECATE(_Replacement) _CRT_DEPRECATE_TEXT(    \
      |                                                       ^
C:\VisualStudio\BuildTools\VC\Tools\MSVC\14.50.35717\include\vcruntime.h:358:47: note: expanded from macro '_CRT_DEPRECATE_TEXT'
  358 | #define _CRT_DEPRECATE_TEXT(_Text) __declspec(deprecated(_Text))
      |                                               ^
D:/Documents/GitHub/CHDlite/src/mame/util/cdrom.cpp:1584:6: warning: 'sscanf' is deprecated: This function or variable may be unsafe. Consider using sscanf_s instead. To disable deprecation, use _CRT_SECURE_NO_WARNINGS. See online help for details. [-Wdeprecated-declarations]
 1584 |         if (sscanf(token, "%d:%d:%d", &m, &s, &f) == 1)
      |             ^
C:\Program Files (x86)\Windows Kits\10\Include\10.0.26100.0\ucrt\stdio.h:2239:20: note: 'sscanf' has been explicitly marked deprecated here
 2239 |     _Check_return_ _CRT_INSECURE_DEPRECATE(sscanf_s)
      |                    ^
C:\VisualStudio\BuildTools\VC\Tools\MSVC\14.50.35717\include\vcruntime.h:368:55: note: expanded from macro '_CRT_INSECURE_DEPRECATE'
  368 |         #define _CRT_INSECURE_DEPRECATE(_Replacement) _CRT_DEPRECATE_TEXT(    \
      |                                                       ^
C:\VisualStudio\BuildTools\VC\Tools\MSVC\14.50.35717\include\vcruntime.h:358:47: note: expanded from macro '_CRT_DEPRECATE_TEXT'
  358 | #define _CRT_DEPRECATE_TEXT(_Text) __declspec(deprecated(_Text))
      |                                               ^
D:/Documents/GitHub/CHDlite/src/mame/util/cdrom.cpp:1852:17: warning: 'fopen' is deprecated: This function or variable may be unsafe. Consider using fopen_s instead. To disable deprecation, use _CRT_SECURE_NO_WARNINGS. See online help for details. [-Wdeprecated-declarations]
 1852 |         FILE *infile = fopen(path.c_str(), "rb");
      |                        ^
C:\Program Files (x86)\Windows Kits\10\Include\10.0.26100.0\ucrt\stdio.h:212:20: note: 'fopen' has been explicitly marked deprecated here
  212 |     _Check_return_ _CRT_INSECURE_DEPRECATE(fopen_s)
      |                    ^
C:\VisualStudio\BuildTools\VC\Tools\MSVC\14.50.35717\include\vcruntime.h:368:55: note: expanded from macro '_CRT_INSECURE_DEPRECATE'
  368 |         #define _CRT_INSECURE_DEPRECATE(_Replacement) _CRT_DEPRECATE_TEXT(    \
      |                                                       ^
C:\VisualStudio\BuildTools\VC\Tools\MSVC\14.50.35717\include\vcruntime.h:358:47: note: expanded from macro '_CRT_DEPRECATE_TEXT'
  358 | #define _CRT_DEPRECATE_TEXT(_Text) __declspec(deprecated(_Text))
      |                                               ^
D:/Documents/GitHub/CHDlite/src/mame/util/cdrom.cpp:2031:17: warning: 'fopen' is deprecated: This function or variable may be unsafe. Consider using fopen_s instead. To disable deprecation, use _CRT_SECURE_NO_WARNINGS. See online help for details. [-Wdeprecated-declarations]
 2031 |         FILE *infile = fopen(path.c_str(), "rb");
      |                        ^
C:\Program Files (x86)\Windows Kits\10\Include\10.0.26100.0\ucrt\stdio.h:212:20: note: 'fopen' has been explicitly marked deprecated here
  212 |     _Check_return_ _CRT_INSECURE_DEPRECATE(fopen_s)
      |                    ^
C:\VisualStudio\BuildTools\VC\Tools\MSVC\14.50.35717\include\vcruntime.h:368:55: note: expanded from macro '_CRT_INSECURE_DEPRECATE'
  368 |         #define _CRT_INSECURE_DEPRECATE(_Replacement) _CRT_DEPRECATE_TEXT(    \
      |                                                       ^
C:\VisualStudio\BuildTools\VC\Tools\MSVC\14.50.35717\include\vcruntime.h:358:47: note: expanded from macro '_CRT_DEPRECATE_TEXT'
  358 | #define _CRT_DEPRECATE_TEXT(_Text) __declspec(deprecated(_Text))
      |                                               ^
D:/Documents/GitHub/CHDlite/src/mame/util/cdrom.cpp:2123:17: warning: 'fopen' is deprecated: This function or variable may be unsafe. Consider using fopen_s instead. To disable deprecation, use _CRT_SECURE_NO_WARNINGS. See online help for details. [-Wdeprecated-declarations]
 2123 |         FILE *infile = fopen(path.c_str(), "rt");
      |                        ^
C:\Program Files (x86)\Windows Kits\10\Include\10.0.26100.0\ucrt\stdio.h:212:20: note: 'fopen' has been explicitly marked deprecated here
  212 |     _Check_return_ _CRT_INSECURE_DEPRECATE(fopen_s)
      |                    ^
C:\VisualStudio\BuildTools\VC\Tools\MSVC\14.50.35717\include\vcruntime.h:368:55: note: expanded from macro '_CRT_INSECURE_DEPRECATE'
  368 |         #define _CRT_INSECURE_DEPRECATE(_Replacement) _CRT_DEPRECATE_TEXT(    \
      |                                                       ^
C:\VisualStudio\BuildTools\VC\Tools\MSVC\14.50.35717\include\vcruntime.h:358:47: note: expanded from macro '_CRT_DEPRECATE_TEXT'
  358 | #define _CRT_DEPRECATE_TEXT(_Text) __declspec(deprecated(_Text))
      |                                               ^
D:/Documents/GitHub/CHDlite/src/mame/util/cdrom.cpp:2348:17: warning: 'fopen' is deprecated: This function or variable may be unsafe. Consider using fopen_s instead. To disable deprecation, use _CRT_SECURE_NO_WARNINGS. See online help for details. [-Wdeprecated-declarations]
 2348 |         FILE *infile = fopen(path.c_str(), "rt");
      |                        ^
C:\Program Files (x86)\Windows Kits\10\Include\10.0.26100.0\ucrt\stdio.h:212:20: note: 'fopen' has been explicitly marked deprecated here
  212 |     _Check_return_ _CRT_INSECURE_DEPRECATE(fopen_s)
      |                    ^
C:\VisualStudio\BuildTools\VC\Tools\MSVC\14.50.35717\include\vcruntime.h:368:55: note: expanded from macro '_CRT_INSECURE_DEPRECATE'
  368 |         #define _CRT_INSECURE_DEPRECATE(_Replacement) _CRT_DEPRECATE_TEXT(    \
      |                                                       ^
C:\VisualStudio\BuildTools\VC\Tools\MSVC\14.50.35717\include\vcruntime.h:358:47: note: expanded from macro '_CRT_DEPRECATE_TEXT'
  358 | #define _CRT_DEPRECATE_TEXT(_Text) __declspec(deprecated(_Text))
      |                                               ^
D:/Documents/GitHub/CHDlite/src/mame/util/cdrom.cpp:2867:17: warning: 'fopen' is deprecated: This function or variable may be unsafe. Consider using fopen_s instead. To disable deprecation, use _CRT_SECURE_NO_WARNINGS. See online help for details. [-Wdeprecated-declarations]
 2867 |         FILE *infile = fopen(path.c_str(), "rt");
      |                        ^
C:\Program Files (x86)\Windows Kits\10\Include\10.0.26100.0\ucrt\stdio.h:212:20: note: 'fopen' has been explicitly marked deprecated here
  212 |     _Check_return_ _CRT_INSECURE_DEPRECATE(fopen_s)
      |                    ^
C:\VisualStudio\BuildTools\VC\Tools\MSVC\14.50.35717\include\vcruntime.h:368:55: note: expanded from macro '_CRT_INSECURE_DEPRECATE'
  368 |         #define _CRT_INSECURE_DEPRECATE(_Replacement) _CRT_DEPRECATE_TEXT(    \
      |                                                       ^
C:\VisualStudio\BuildTools\VC\Tools\MSVC\14.50.35717\include\vcruntime.h:358:47: note: expanded from macro '_CRT_DEPRECATE_TEXT'
  358 | #define _CRT_DEPRECATE_TEXT(_Text) __declspec(deprecated(_Text))
      |                                               ^
D:/Documents/GitHub/CHDlite/src/mame/util/cdrom.cpp:2950:17: warning: 'fopen' is deprecated: This function or variable may be unsafe. Consider using fopen_s instead. To disable deprecation, use _CRT_SECURE_NO_WARNINGS. See online help for details. [-Wdeprecated-declarations]
 2950 |         FILE *infile = fopen(path.c_str(), "rt");
      |                        ^
C:\Program Files (x86)\Windows Kits\10\Include\10.0.26100.0\ucrt\stdio.h:212:20: note: 'fopen' has been explicitly marked deprecated here
  212 |     _Check_return_ _CRT_INSECURE_DEPRECATE(fopen_s)
      |                    ^
C:\VisualStudio\BuildTools\VC\Tools\MSVC\14.50.35717\include\vcruntime.h:368:55: note: expanded from macro '_CRT_INSECURE_DEPRECATE'
  368 |         #define _CRT_INSECURE_DEPRECATE(_Replacement) _CRT_DEPRECATE_TEXT(    \
      |                                                       ^
C:\VisualStudio\BuildTools\VC\Tools\MSVC\14.50.35717\include\vcruntime.h:358:47: note: expanded from macro '_CRT_DEPRECATE_TEXT'
  358 | #define _CRT_DEPRECATE_TEXT(_Text) __declspec(deprecated(_Text))
      |                                               ^
14 warnings generated.
[39/100] Building CXX object CMakeFiles/mame_chd_core.dir/src/mame/util/corefile.cpp.obj
In file included from <built-in>:497:
<command line>:3:9: warning: 'CRLF' macro redefined [-Wmacro-redefined]
    3 | #define CRLF 3
      |         ^
<command line>:2:9: note: previous definition is here
    2 | #define CRLF 2
      |         ^
In file included from D:/Documents/GitHub/CHDlite/src/mame/util/corefile.cpp:11:
In file included from D:/Documents/GitHub/CHDlite/src/mame/util\corefile.h:17:
D:/Documents/GitHub/CHDlite/src/mame/util\strformat.h:1685:17: warning: 'strerror' is deprecated: This function or variable may be unsafe. Consider using strerror_s instead. To disable deprecation, use _CRT_SECURE_NO_WARNINGS. See online help for details. [-Wdeprecated-declarations]
 1685 |                                 str << std::strerror(errno);
      |                                             ^
C:\Program Files (x86)\Windows Kits\10\Include\10.0.26100.0\ucrt\string.h:177:16: note: 'strerror' has been explicitly marked deprecated here
  177 | _Check_return_ _CRT_INSECURE_DEPRECATE(strerror_s)
      |                ^
C:\VisualStudio\BuildTools\VC\Tools\MSVC\14.50.35717\include\vcruntime.h:368:55: note: expanded from macro '_CRT_INSECURE_DEPRECATE'
  368 |         #define _CRT_INSECURE_DEPRECATE(_Replacement) _CRT_DEPRECATE_TEXT(    \
      |                                                       ^
C:\VisualStudio\BuildTools\VC\Tools\MSVC\14.50.35717\include\vcruntime.h:358:47: note: expanded from macro '_CRT_DEPRECATE_TEXT'
  358 | #define _CRT_DEPRECATE_TEXT(_Text) __declspec(deprecated(_Text))
      |                                               ^
2 warnings generated.
[40/100] Building CXX object CMakeFiles/mame_chd_core.dir/src/mame/util/avhuff.cpp.obj
In file included from <built-in>:497:
<command line>:3:9: warning: 'CRLF' macro redefined [-Wmacro-redefined]
    3 | #define CRLF 3
      |         ^
<command line>:2:9: note: previous definition is here
    2 | #define CRLF 2
      |         ^
In file included from D:/Documents/GitHub/CHDlite/src/mame/util/avhuff.cpp:63:
In file included from D:/Documents/GitHub/CHDlite/src/mame/util\chd.h:17:
In file included from D:/Documents/GitHub/CHDlite/src/mame/osd\osdcore.h:16:
D:/Documents/GitHub/CHDlite/src/mame/util\strformat.h:1685:17: warning: 'strerror' is deprecated: This function or variable may be unsafe. Consider using strerror_s instead. To disable deprecation, use _CRT_SECURE_NO_WARNINGS. See online help for details. [-Wdeprecated-declarations]
 1685 |                                 str << std::strerror(errno);
      |                                             ^
C:\Program Files (x86)\Windows Kits\10\Include\10.0.26100.0\ucrt\string.h:177:16: note: 'strerror' has been explicitly marked deprecated here
  177 | _Check_return_ _CRT_INSECURE_DEPRECATE(strerror_s)
      |                ^
C:\VisualStudio\BuildTools\VC\Tools\MSVC\14.50.35717\include\vcruntime.h:368:55: note: expanded from macro '_CRT_INSECURE_DEPRECATE'
  368 |         #define _CRT_INSECURE_DEPRECATE(_Replacement) _CRT_DEPRECATE_TEXT(    \
      |                                                       ^
C:\VisualStudio\BuildTools\VC\Tools\MSVC\14.50.35717\include\vcruntime.h:358:47: note: expanded from macro '_CRT_DEPRECATE_TEXT'
  358 | #define _CRT_DEPRECATE_TEXT(_Text) __declspec(deprecated(_Text))
      |                                               ^
2 warnings generated.
[41/100] Building CXX object CMakeFiles/mame_chd_core.dir/src/mame/util/ioprocs.cpp.obj
In file included from <built-in>:497:
<command line>:3:9: warning: 'CRLF' macro redefined [-Wmacro-redefined]
    3 | #define CRLF 3
      |         ^
<command line>:2:9: note: previous definition is here
    2 | #define CRLF 2
      |         ^
1 warning generated.
[42/100] Building CXX object CMakeFiles/mame_chd_core.dir/src/mame/util/huffman.cpp.obj
In file included from <built-in>:497:
<command line>:3:9: warning: 'CRLF' macro redefined [-Wmacro-redefined]
    3 | #define CRLF 3
      |         ^
<command line>:2:9: note: previous definition is here
    2 | #define CRLF 2
      |         ^
1 warning generated.
[43/100] Building CXX object CMakeFiles/mame_chd_core.dir/src/mame/util/palette.cpp.obj
In file included from <built-in>:497:
<command line>:3:9: warning: 'CRLF' macro redefined [-Wmacro-redefined]
    3 | #define CRLF 3
      |         ^
<command line>:2:9: note: previous definition is here
    2 | #define CRLF 2
      |         ^
1 warning generated.
[44/100] Building CXX object CMakeFiles/mame_chd_core.dir/src/mame/util/bitmap.cpp.obj
In file included from <built-in>:497:
<command line>:3:9: warning: 'CRLF' macro redefined [-Wmacro-redefined]
    3 | #define CRLF 3
      |         ^
<command line>:2:9: note: previous definition is here
    2 | #define CRLF 2
      |         ^
1 warning generated.
[45/100] Building CXX object CMakeFiles/mame_chd_core.dir/src/mame/util/flac.cpp.obj
In file included from <built-in>:497:
<command line>:3:9: warning: 'CRLF' macro redefined [-Wmacro-redefined]
    3 | #define CRLF 3
      |         ^
<command line>:2:9: note: previous definition is here
    2 | #define CRLF 2
      |         ^
1 warning generated.
[46/100] Building CXX object CMakeFiles/mame_chd_core.dir/src/mame/util/unicode.cpp.obj
In file included from <built-in>:497:
<command line>:3:9: warning: 'CRLF' macro redefined [-Wmacro-redefined]
    3 | #define CRLF 3
      |         ^
<command line>:2:9: note: previous definition is here
    2 | #define CRLF 2
      |         ^
In file included from D:/Documents/GitHub/CHDlite/src/mame/util/unicode.cpp:16:
In file included from D:/Documents/GitHub/CHDlite/src/mame/osd\strconv.h:12:
In file included from D:/Documents/GitHub/CHDlite/src/mame/osd\osdcore.h:16:
D:/Documents/GitHub/CHDlite/src/mame/util\strformat.h:1685:17: warning: 'strerror' is deprecated: This function or variable may be unsafe. Consider using strerror_s instead. To disable deprecation, use _CRT_SECURE_NO_WARNINGS. See online help for details. [-Wdeprecated-declarations]
 1685 |                                 str << std::strerror(errno);
      |                                             ^
C:\Program Files (x86)\Windows Kits\10\Include\10.0.26100.0\ucrt\string.h:177:16: note: 'strerror' has been explicitly marked deprecated here
  177 | _Check_return_ _CRT_INSECURE_DEPRECATE(strerror_s)
      |                ^
C:\VisualStudio\BuildTools\VC\Tools\MSVC\14.50.35717\include\vcruntime.h:368:55: note: expanded from macro '_CRT_INSECURE_DEPRECATE'
  368 |         #define _CRT_INSECURE_DEPRECATE(_Replacement) _CRT_DEPRECATE_TEXT(    \
      |                                                       ^
C:\VisualStudio\BuildTools\VC\Tools\MSVC\14.50.35717\include\vcruntime.h:358:47: note: expanded from macro '_CRT_DEPRECATE_TEXT'
  358 | #define _CRT_DEPRECATE_TEXT(_Text) __declspec(deprecated(_Text))
      |                                               ^
2 warnings generated.
[47/100] Building CXX object CMakeFiles/mame_chd_core.dir/src/mame/util/corestr.cpp.obj
In file included from <built-in>:497:
<command line>:3:9: warning: 'CRLF' macro redefined [-Wmacro-redefined]
    3 | #define CRLF 3
      |         ^
<command line>:2:9: note: previous definition is here
    2 | #define CRLF 2
      |         ^
1 warning generated.
[48/100] Building CXX object CMakeFiles/mame_chd_core.dir/src/mame/util/path.cpp.obj
In file included from <built-in>:497:
<command line>:3:9: warning: 'CRLF' macro redefined [-Wmacro-redefined]
    3 | #define CRLF 3
      |         ^
<command line>:2:9: note: previous definition is here
    2 | #define CRLF 2
      |         ^
1 warning generated.
[49/100] Building CXX object CMakeFiles/mame_chd_core.dir/src/mame/util/hash.cpp.obj
In file included from <built-in>:497:
<command line>:3:9: warning: 'CRLF' macro redefined [-Wmacro-redefined]
    3 | #define CRLF 3
      |         ^
<command line>:2:9: note: previous definition is here
    2 | #define CRLF 2
      |         ^
1 warning generated.
[50/100] Building CXX object CMakeFiles/mame_chd_core.dir/src/mame/util/vecstream.cpp.obj
In file included from <built-in>:497:
<command line>:3:9: warning: 'CRLF' macro redefined [-Wmacro-redefined]
    3 | #define CRLF 3
      |         ^
<command line>:2:9: note: previous definition is here
    2 | #define CRLF 2
      |         ^
1 warning generated.
[51/100] Building CXX object CMakeFiles/mame_chd_core.dir/src/mame/util/strformat.cpp.obj
In file included from <built-in>:497:
<command line>:3:9: warning: 'CRLF' macro redefined [-Wmacro-redefined]
    3 | #define CRLF 3
      |         ^
<command line>:2:9: note: previous definition is here
    2 | #define CRLF 2
      |         ^
In file included from D:/Documents/GitHub/CHDlite/src/mame/util/strformat.cpp:11:
D:/Documents/GitHub/CHDlite/src/mame/util\strformat.h:1685:17: warning: 'strerror' is deprecated: This function or variable may be unsafe. Consider using strerror_s instead. To disable deprecation, use _CRT_SECURE_NO_WARNINGS. See online help for details. [-Wdeprecated-declarations]
 1685 |                                 str << std::strerror(errno);
      |                                             ^
C:\Program Files (x86)\Windows Kits\10\Include\10.0.26100.0\ucrt\string.h:177:16: note: 'strerror' has been explicitly marked deprecated here
  177 | _Check_return_ _CRT_INSECURE_DEPRECATE(strerror_s)
      |                ^
C:\VisualStudio\BuildTools\VC\Tools\MSVC\14.50.35717\include\vcruntime.h:368:55: note: expanded from macro '_CRT_INSECURE_DEPRECATE'
  368 |         #define _CRT_INSECURE_DEPRECATE(_Replacement) _CRT_DEPRECATE_TEXT(    \
      |                                                       ^
C:\VisualStudio\BuildTools\VC\Tools\MSVC\14.50.35717\include\vcruntime.h:358:47: note: expanded from macro '_CRT_DEPRECATE_TEXT'
  358 | #define _CRT_DEPRECATE_TEXT(_Text) __declspec(deprecated(_Text))
      |                                               ^
2 warnings generated.
[52/100] Building CXX object CMakeFiles/mame_chd_core.dir/src/mame/osd/osdsync.cpp.obj
In file included from <built-in>:497:
<command line>:3:9: warning: 'CRLF' macro redefined [-Wmacro-redefined]
    3 | #define CRLF 3
      |         ^
<command line>:2:9: note: previous definition is here
    2 | #define CRLF 2
      |         ^
In file included from D:/Documents/GitHub/CHDlite/src/mame/osd/osdsync.cpp:25:
In file included from D:/Documents/GitHub/CHDlite/src/mame/osd\osdcore.h:16:
D:/Documents/GitHub/CHDlite/src/mame/util\strformat.h:1685:17: warning: 'strerror' is deprecated: This function or variable may be unsafe. Consider using strerror_s instead. To disable deprecation, use _CRT_SECURE_NO_WARNINGS. See online help for details. [-Wdeprecated-declarations]
 1685 |                                 str << std::strerror(errno);
      |                                             ^
C:\Program Files (x86)\Windows Kits\10\Include\10.0.26100.0\ucrt\string.h:177:16: note: 'strerror' has been explicitly marked deprecated here
  177 | _Check_return_ _CRT_INSECURE_DEPRECATE(strerror_s)
      |                ^
C:\VisualStudio\BuildTools\VC\Tools\MSVC\14.50.35717\include\vcruntime.h:368:55: note: expanded from macro '_CRT_INSECURE_DEPRECATE'
  368 |         #define _CRT_INSECURE_DEPRECATE(_Replacement) _CRT_DEPRECATE_TEXT(    \
      |                                                       ^
C:\VisualStudio\BuildTools\VC\Tools\MSVC\14.50.35717\include\vcruntime.h:358:47: note: expanded from macro '_CRT_DEPRECATE_TEXT'
  358 | #define _CRT_DEPRECATE_TEXT(_Text) __declspec(deprecated(_Text))
      |                                               ^
D:/Documents/GitHub/CHDlite/src/mame/osd/osdsync.cpp:275:43: warning: 'sscanf' is deprecated: This function or variable may be unsafe. Consider using sscanf_s instead. To disable deprecation, use _CRT_SECURE_NO_WARNINGS. See online help for details. [-Wdeprecated-declarations]
  275 |         if (osdworkqueuemaxthreads != nullptr && sscanf(osdworkqueuemaxthreads, "%d", &osdthreadnum) == 1 && threadnum > osdthreadnum)
      |                                                  ^
C:\Program Files (x86)\Windows Kits\10\Include\10.0.26100.0\ucrt\stdio.h:2239:20: note: 'sscanf' has been explicitly marked deprecated here
 2239 |     _Check_return_ _CRT_INSECURE_DEPRECATE(sscanf_s)
      |                    ^
C:\VisualStudio\BuildTools\VC\Tools\MSVC\14.50.35717\include\vcruntime.h:368:55: note: expanded from macro '_CRT_INSECURE_DEPRECATE'
  368 |         #define _CRT_INSECURE_DEPRECATE(_Replacement) _CRT_DEPRECATE_TEXT(    \
      |                                                       ^
C:\VisualStudio\BuildTools\VC\Tools\MSVC\14.50.35717\include\vcruntime.h:358:47: note: expanded from macro '_CRT_DEPRECATE_TEXT'
  358 | #define _CRT_DEPRECATE_TEXT(_Text) __declspec(deprecated(_Text))
      |                                               ^
D:/Documents/GitHub/CHDlite/src/mame/osd/osdsync.cpp:657:35: warning: 'sscanf' is deprecated: This function or variable may be unsafe. Consider using sscanf_s instead. To disable deprecation, use _CRT_SECURE_NO_WARNINGS. See online help for details. [-Wdeprecated-declarations]
  657 |                 if (procsoverride != nullptr && sscanf(procsoverride, "%d", &numprocs) == 1 && numprocs > 0)
      |                                                 ^
C:\Program Files (x86)\Windows Kits\10\Include\10.0.26100.0\ucrt\stdio.h:2239:20: note: 'sscanf' has been explicitly marked deprecated here
 2239 |     _Check_return_ _CRT_INSECURE_DEPRECATE(sscanf_s)
      |                    ^
C:\VisualStudio\BuildTools\VC\Tools\MSVC\14.50.35717\include\vcruntime.h:368:55: note: expanded from macro '_CRT_INSECURE_DEPRECATE'
  368 |         #define _CRT_INSECURE_DEPRECATE(_Replacement) _CRT_DEPRECATE_TEXT(    \
      |                                                       ^
C:\VisualStudio\BuildTools\VC\Tools\MSVC\14.50.35717\include\vcruntime.h:358:47: note: expanded from macro '_CRT_DEPRECATE_TEXT'
  358 | #define _CRT_DEPRECATE_TEXT(_Text) __declspec(deprecated(_Text))
      |                                               ^
4 warnings generated.
[53/100] Building CXX object CMakeFiles/mame_chd_core.dir/src/mame/osd/osdcore_impl.cpp.obj
In file included from <built-in>:497:
<command line>:3:9: warning: 'CRLF' macro redefined [-Wmacro-redefined]
    3 | #define CRLF 3
      |         ^
<command line>:2:9: note: previous definition is here
    2 | #define CRLF 2
      |         ^
In file included from D:/Documents/GitHub/CHDlite/src/mame/osd/osdcore_impl.cpp:5:
In file included from D:/Documents/GitHub/CHDlite/src/mame/osd\osdcore.h:16:
D:/Documents/GitHub/CHDlite/src/mame/util\strformat.h:1685:17: warning: 'strerror' is deprecated: This function or variable may be unsafe. Consider using strerror_s instead. To disable deprecation, use _CRT_SECURE_NO_WARNINGS. See online help for details. [-Wdeprecated-declarations]
 1685 |                                 str << std::strerror(errno);
      |                                             ^
C:\Program Files (x86)\Windows Kits\10\Include\10.0.26100.0\ucrt\string.h:177:16: note: 'strerror' has been explicitly marked deprecated here
  177 | _Check_return_ _CRT_INSECURE_DEPRECATE(strerror_s)
      |                ^
C:\VisualStudio\BuildTools\VC\Tools\MSVC\14.50.35717\include\vcruntime.h:368:55: note: expanded from macro '_CRT_INSECURE_DEPRECATE'
  368 |         #define _CRT_INSECURE_DEPRECATE(_Replacement) _CRT_DEPRECATE_TEXT(    \
      |                                                       ^
C:\VisualStudio\BuildTools\VC\Tools\MSVC\14.50.35717\include\vcruntime.h:358:47: note: expanded from macro '_CRT_DEPRECATE_TEXT'
  358 | #define _CRT_DEPRECATE_TEXT(_Text) __declspec(deprecated(_Text))
      |                                               ^
D:/Documents/GitHub/CHDlite/src/mame/osd/osdcore_impl.cpp:29:14: warning: 'getenv' is deprecated: This function or variable may be unsafe. Consider using _dupenv_s instead. To disable deprecation, use _CRT_SECURE_NO_WARNINGS. See online help for details. [-Wdeprecated-declarations]
   29 |         return std::getenv(name);
      |                     ^
C:\Program Files (x86)\Windows Kits\10\Include\10.0.26100.0\ucrt\stdlib.h:1183:20: note: 'getenv' has been explicitly marked deprecated here
 1183 |     _Check_return_ _CRT_INSECURE_DEPRECATE(_dupenv_s)
      |                    ^
C:\VisualStudio\BuildTools\VC\Tools\MSVC\14.50.35717\include\vcruntime.h:368:55: note: expanded from macro '_CRT_INSECURE_DEPRECATE'
  368 |         #define _CRT_INSECURE_DEPRECATE(_Replacement) _CRT_DEPRECATE_TEXT(    \
      |                                                       ^
C:\VisualStudio\BuildTools\VC\Tools\MSVC\14.50.35717\include\vcruntime.h:358:47: note: expanded from macro '_CRT_DEPRECATE_TEXT'
  358 | #define _CRT_DEPRECATE_TEXT(_Text) __declspec(deprecated(_Text))
      |                                               ^
3 warnings generated.
[54/100] Generating CXX dyndep file CMakeFiles/chdlite.dir/CXX.dd
[55/100] Building CXX object CMakeFiles/mame_chd_core.dir/src/mame/osd/strconv.cpp.obj
In file included from <built-in>:497:
<command line>:3:9: warning: 'CRLF' macro redefined [-Wmacro-redefined]
    3 | #define CRLF 3
      |         ^
<command line>:2:9: note: previous definition is here
    2 | #define CRLF 2
      |         ^
In file included from D:/Documents/GitHub/CHDlite/src/mame/osd/strconv.cpp:9:
In file included from D:/Documents/GitHub/CHDlite/src/mame/osd\strconv.h:12:
In file included from D:/Documents/GitHub/CHDlite/src/mame/osd\osdcore.h:16:
D:/Documents/GitHub/CHDlite/src/mame/util\strformat.h:1685:17: warning: 'strerror' is deprecated: This function or variable may be unsafe. Consider using strerror_s instead. To disable deprecation, use _CRT_SECURE_NO_WARNINGS. See online help for details. [-Wdeprecated-declarations]
 1685 |                                 str << std::strerror(errno);
      |                                             ^
C:\Program Files (x86)\Windows Kits\10\Include\10.0.26100.0\ucrt\string.h:177:16: note: 'strerror' has been explicitly marked deprecated here
  177 | _Check_return_ _CRT_INSECURE_DEPRECATE(strerror_s)
      |                ^
C:\VisualStudio\BuildTools\VC\Tools\MSVC\14.50.35717\include\vcruntime.h:368:55: note: expanded from macro '_CRT_INSECURE_DEPRECATE'
  368 |         #define _CRT_INSECURE_DEPRECATE(_Replacement) _CRT_DEPRECATE_TEXT(    \
      |                                                       ^
C:\VisualStudio\BuildTools\VC\Tools\MSVC\14.50.35717\include\vcruntime.h:358:47: note: expanded from macro '_CRT_DEPRECATE_TEXT'
  358 | #define _CRT_DEPRECATE_TEXT(_Text) __declspec(deprecated(_Text))
      |                                               ^
D:/Documents/GitHub/CHDlite/src/mame/osd/strconv.cpp:271:3: warning: jump from this goto statement to its label is a Microsoft extension [-Wmicrosoft-goto]
  271 |                 goto error;
      |                 ^
D:/Documents/GitHub/CHDlite/src/mame/osd/strconv.cpp:274:9: note: jump bypasses variable initialization
  274 |         size_t max_size = IsDBCSLeadByte(*osdchar) ? cp.MaxCharSize : 1;
      |                ^
3 warnings generated.
[56/100] Building CXX object CMakeFiles/mame_chd_core.dir/src/mame/osd/osdfile_impl.cpp.obj
In file included from <built-in>:497:
<command line>:3:9: warning: 'CRLF' macro redefined [-Wmacro-redefined]
    3 | #define CRLF 3
      |         ^
<command line>:2:9: note: previous definition is here
    2 | #define CRLF 2
      |         ^
1 warning generated.
[57/100] Scanning D:/Documents/GitHub/CHDlite/src/chd-api/chd_reader.cpp for CXX dependencies
[58/100] Scanning D:/Documents/GitHub/CHDlite/src/chd-api/chd_processor.cpp for CXX dependencies
[59/100] Scanning D:/Documents/GitHub/CHDlite/src/chd-api/chd_extractor.cpp for CXX dependencies
[60/100] Scanning D:/Documents/GitHub/CHDlite/src/chd-api/chd_archiver.cpp for CXX dependencies
[61/100] Scanning D:/Documents/GitHub/CHDlite/src/chd-api/detect_game_platform.cpp for CXX dependencies
[62/100] Scanning D:/Documents/GitHub/CHDlite/tests/smoke_test.cpp for CXX dependencies
[63/100] Scanning D:/Documents/GitHub/CHDlite/tests/detect_test.cpp for CXX dependencies
[64/100] Scanning D:/Documents/GitHub/CHDlite/tests/archive_test.cpp for CXX dependencies
[65/100] Scanning D:/Documents/GitHub/CHDlite/tests/cli_test.cpp for CXX dependencies
[66/100] Linking CXX static library D:\Documents\GitHub\CHDlite\Release\lib\mame_chd_core.lib
[67/100] Scanning D:/Documents/GitHub/CHDlite/tests/cue_style_test.cpp for CXX dependencies
[68/100] Scanning D:/Documents/GitHub/CHDlite/src/cli/chdlite_cli.cpp for CXX dependencies
[69/100] Building CXX object CMakeFiles/chdlite.dir/src/chd-api/chd_processor.cpp.obj
In file included from D:/Documents/GitHub/CHDlite/src/chd-api/chd_processor.cpp:7:
In file included from D:/Documents/GitHub/CHDlite/src/mame/util\chd.h:17:
In file included from D:/Documents/GitHub/CHDlite/src/mame/osd\osdcore.h:16:
D:/Documents/GitHub/CHDlite/src/mame/util\strformat.h:1685:17: warning: 'strerror' is deprecated: This function or variable may be unsafe. Consider using strerror_s instead. To disable deprecation, use _CRT_SECURE_NO_WARNINGS. See online help for details. [-Wdeprecated-declarations]
 1685 |                                 str << std::strerror(errno);
      |                                             ^
C:\Program Files (x86)\Windows Kits\10\Include\10.0.26100.0\ucrt\string.h:177:16: note: 'strerror' has been explicitly marked deprecated here
  177 | _Check_return_ _CRT_INSECURE_DEPRECATE(strerror_s)
      |                ^
C:\VisualStudio\BuildTools\VC\Tools\MSVC\14.50.35717\include\vcruntime.h:368:55: note: expanded from macro '_CRT_INSECURE_DEPRECATE'
  368 |         #define _CRT_INSECURE_DEPRECATE(_Replacement) _CRT_DEPRECATE_TEXT(    \
      |                                                       ^
C:\VisualStudio\BuildTools\VC\Tools\MSVC\14.50.35717\include\vcruntime.h:358:47: note: expanded from macro '_CRT_DEPRECATE_TEXT'
  358 | #define _CRT_DEPRECATE_TEXT(_Text) __declspec(deprecated(_Text))
      |                                               ^
1 warning generated.
[70/100] Building CXX object CMakeFiles/chdlite.dir/src/chd-api/chd_reader.cpp.obj
In file included from D:/Documents/GitHub/CHDlite/src/chd-api/chd_reader.cpp:8:
In file included from D:/Documents/GitHub/CHDlite/src/mame/util\chd.h:17:
In file included from D:/Documents/GitHub/CHDlite/src/mame/osd\osdcore.h:16:
D:/Documents/GitHub/CHDlite/src/mame/util\strformat.h:1685:17: warning: 'strerror' is deprecated: This function or variable may be unsafe. Consider using strerror_s instead. To disable deprecation, use _CRT_SECURE_NO_WARNINGS. See online help for details. [-Wdeprecated-declarations]
 1685 |                                 str << std::strerror(errno);
      |                                             ^
C:\Program Files (x86)\Windows Kits\10\Include\10.0.26100.0\ucrt\string.h:177:16: note: 'strerror' has been explicitly marked deprecated here
  177 | _Check_return_ _CRT_INSECURE_DEPRECATE(strerror_s)
      |                ^
C:\VisualStudio\BuildTools\VC\Tools\MSVC\14.50.35717\include\vcruntime.h:368:55: note: expanded from macro '_CRT_INSECURE_DEPRECATE'
  368 |         #define _CRT_INSECURE_DEPRECATE(_Replacement) _CRT_DEPRECATE_TEXT(    \
      |                                                       ^
C:\VisualStudio\BuildTools\VC\Tools\MSVC\14.50.35717\include\vcruntime.h:358:47: note: expanded from macro '_CRT_DEPRECATE_TEXT'
  358 | #define _CRT_DEPRECATE_TEXT(_Text) __declspec(deprecated(_Text))
      |                                               ^
1 warning generated.
[71/100] Generating CXX dyndep file CMakeFiles/chdlite_shared.dir/CXX.dd
[72/100] Generating CXX dyndep file CMakeFiles/smoke_test.dir/CXX.dd
[73/100] Generating CXX dyndep file CMakeFiles/detect_test.dir/CXX.dd
[74/100] Generating CXX dyndep file CMakeFiles/archive_test.dir/CXX.dd
[75/100] Generating CXX dyndep file CMakeFiles/cue_style_test.dir/CXX.dd
[76/100] Generating CXX dyndep file CMakeFiles/cli_test.dir/CXX.dd
[77/100] Building CXX object CMakeFiles/chdlite.dir/src/chd-api/chd_extractor.cpp.obj
In file included from D:/Documents/GitHub/CHDlite/src/chd-api/chd_extractor.cpp:8:
In file included from D:/Documents/GitHub/CHDlite/src/mame/util\chd.h:17:
In file included from D:/Documents/GitHub/CHDlite/src/mame/osd\osdcore.h:16:
D:/Documents/GitHub/CHDlite/src/mame/util\strformat.h:1685:17: warning: 'strerror' is deprecated: This function or variable may be unsafe. Consider using strerror_s instead. To disable deprecation, use _CRT_SECURE_NO_WARNINGS. See online help for details. [-Wdeprecated-declarations]
 1685 |                                 str << std::strerror(errno);
      |                                             ^
C:\Program Files (x86)\Windows Kits\10\Include\10.0.26100.0\ucrt\string.h:177:16: note: 'strerror' has been explicitly marked deprecated here
  177 | _Check_return_ _CRT_INSECURE_DEPRECATE(strerror_s)
      |                ^
C:\VisualStudio\BuildTools\VC\Tools\MSVC\14.50.35717\include\vcruntime.h:368:55: note: expanded from macro '_CRT_INSECURE_DEPRECATE'
  368 |         #define _CRT_INSECURE_DEPRECATE(_Replacement) _CRT_DEPRECATE_TEXT(    \
      |                                                       ^
C:\VisualStudio\BuildTools\VC\Tools\MSVC\14.50.35717\include\vcruntime.h:358:47: note: expanded from macro '_CRT_DEPRECATE_TEXT'
  358 | #define _CRT_DEPRECATE_TEXT(_Text) __declspec(deprecated(_Text))
      |                                               ^
1 warning generated.
[78/100] Generating CXX dyndep file CMakeFiles/chdlite_cli.dir/CXX.dd
[79/100] Building CXX object CMakeFiles/chdlite.dir/src/chd-api/detect_game_platform.cpp.obj
In file included from D:/Documents/GitHub/CHDlite/src/chd-api/detect_game_platform.cpp:8:
In file included from D:/Documents/GitHub/CHDlite/src/mame/util\cdrom.h:15:
In file included from D:/Documents/GitHub/CHDlite/src/mame/util\chd.h:17:
In file included from D:/Documents/GitHub/CHDlite/src/mame/osd\osdcore.h:16:
D:/Documents/GitHub/CHDlite/src/mame/util\strformat.h:1685:17: warning: 'strerror' is deprecated: This function or variable may be unsafe. Consider using strerror_s instead. To disable deprecation, use _CRT_SECURE_NO_WARNINGS. See online help for details. [-Wdeprecated-declarations]
 1685 |                                 str << std::strerror(errno);
      |                                             ^
C:\Program Files (x86)\Windows Kits\10\Include\10.0.26100.0\ucrt\string.h:177:16: note: 'strerror' has been explicitly marked deprecated here
  177 | _Check_return_ _CRT_INSECURE_DEPRECATE(strerror_s)
      |                ^
C:\VisualStudio\BuildTools\VC\Tools\MSVC\14.50.35717\include\vcruntime.h:368:55: note: expanded from macro '_CRT_INSECURE_DEPRECATE'
  368 |         #define _CRT_INSECURE_DEPRECATE(_Replacement) _CRT_DEPRECATE_TEXT(    \
      |                                                       ^
C:\VisualStudio\BuildTools\VC\Tools\MSVC\14.50.35717\include\vcruntime.h:358:47: note: expanded from macro '_CRT_DEPRECATE_TEXT'
  358 | #define _CRT_DEPRECATE_TEXT(_Text) __declspec(deprecated(_Text))
      |                                               ^
1 warning generated.
[80/100] Building CXX object CMakeFiles/chdlite.dir/src/chd-api/chd_archiver.cpp.obj
In file included from D:/Documents/GitHub/CHDlite/src/chd-api/chd_archiver.cpp:9:
In file included from D:/Documents/GitHub/CHDlite/src/mame/util\chd.h:17:
In file included from D:/Documents/GitHub/CHDlite/src/mame/osd\osdcore.h:16:
D:/Documents/GitHub/CHDlite/src/mame/util\strformat.h:1685:17: warning: 'strerror' is deprecated: This function or variable may be unsafe. Consider using strerror_s instead. To disable deprecation, use _CRT_SECURE_NO_WARNINGS. See online help for details. [-Wdeprecated-declarations]
 1685 |                                 str << std::strerror(errno);
      |                                             ^
C:\Program Files (x86)\Windows Kits\10\Include\10.0.26100.0\ucrt\string.h:177:16: note: 'strerror' has been explicitly marked deprecated here
  177 | _Check_return_ _CRT_INSECURE_DEPRECATE(strerror_s)
      |                ^
C:\VisualStudio\BuildTools\VC\Tools\MSVC\14.50.35717\include\vcruntime.h:368:55: note: expanded from macro '_CRT_INSECURE_DEPRECATE'
  368 |         #define _CRT_INSECURE_DEPRECATE(_Replacement) _CRT_DEPRECATE_TEXT(    \
      |                                                       ^
C:\VisualStudio\BuildTools\VC\Tools\MSVC\14.50.35717\include\vcruntime.h:358:47: note: expanded from macro '_CRT_DEPRECATE_TEXT'
  358 | #define _CRT_DEPRECATE_TEXT(_Text) __declspec(deprecated(_Text))
      |                                               ^
1 warning generated.
[81/100] Linking CXX static library D:\Documents\GitHub\CHDlite\Release\lib\chdlite.lib
[82/100] Building CXX object CMakeFiles/chdlite_shared.dir/src/chd-api/chd_processor.cpp.obj
In file included from D:/Documents/GitHub/CHDlite/src/chd-api/chd_processor.cpp:7:
In file included from D:/Documents/GitHub/CHDlite/src/mame/util\chd.h:17:
In file included from D:/Documents/GitHub/CHDlite/src/mame/osd\osdcore.h:16:
D:/Documents/GitHub/CHDlite/src/mame/util\strformat.h:1685:17: warning: 'strerror' is deprecated: This function or variable may be unsafe. Consider using strerror_s instead. To disable deprecation, use _CRT_SECURE_NO_WARNINGS. See online help for details. [-Wdeprecated-declarations]
 1685 |                                 str << std::strerror(errno);
      |                                             ^
C:\Program Files (x86)\Windows Kits\10\Include\10.0.26100.0\ucrt\string.h:177:16: note: 'strerror' has been explicitly marked deprecated here
  177 | _Check_return_ _CRT_INSECURE_DEPRECATE(strerror_s)
      |                ^
C:\VisualStudio\BuildTools\VC\Tools\MSVC\14.50.35717\include\vcruntime.h:368:55: note: expanded from macro '_CRT_INSECURE_DEPRECATE'
  368 |         #define _CRT_INSECURE_DEPRECATE(_Replacement) _CRT_DEPRECATE_TEXT(    \
      |                                                       ^
C:\VisualStudio\BuildTools\VC\Tools\MSVC\14.50.35717\include\vcruntime.h:358:47: note: expanded from macro '_CRT_DEPRECATE_TEXT'
  358 | #define _CRT_DEPRECATE_TEXT(_Text) __declspec(deprecated(_Text))
      |                                               ^
1 warning generated.
[83/100] Building CXX object CMakeFiles/chdlite_shared.dir/src/chd-api/chd_reader.cpp.obj
In file included from D:/Documents/GitHub/CHDlite/src/chd-api/chd_reader.cpp:8:
In file included from D:/Documents/GitHub/CHDlite/src/mame/util\chd.h:17:
In file included from D:/Documents/GitHub/CHDlite/src/mame/osd\osdcore.h:16:
D:/Documents/GitHub/CHDlite/src/mame/util\strformat.h:1685:17: warning: 'strerror' is deprecated: This function or variable may be unsafe. Consider using strerror_s instead. To disable deprecation, use _CRT_SECURE_NO_WARNINGS. See online help for details. [-Wdeprecated-declarations]
 1685 |                                 str << std::strerror(errno);
      |                                             ^
C:\Program Files (x86)\Windows Kits\10\Include\10.0.26100.0\ucrt\string.h:177:16: note: 'strerror' has been explicitly marked deprecated here
  177 | _Check_return_ _CRT_INSECURE_DEPRECATE(strerror_s)
      |                ^
C:\VisualStudio\BuildTools\VC\Tools\MSVC\14.50.35717\include\vcruntime.h:368:55: note: expanded from macro '_CRT_INSECURE_DEPRECATE'
  368 |         #define _CRT_INSECURE_DEPRECATE(_Replacement) _CRT_DEPRECATE_TEXT(    \
      |                                                       ^
C:\VisualStudio\BuildTools\VC\Tools\MSVC\14.50.35717\include\vcruntime.h:358:47: note: expanded from macro '_CRT_DEPRECATE_TEXT'
  358 | #define _CRT_DEPRECATE_TEXT(_Text) __declspec(deprecated(_Text))
      |                                               ^
1 warning generated.
[84/100] Building CXX object CMakeFiles/chdlite_shared.dir/src/chd-api/chd_extractor.cpp.obj
In file included from D:/Documents/GitHub/CHDlite/src/chd-api/chd_extractor.cpp:8:
In file included from D:/Documents/GitHub/CHDlite/src/mame/util\chd.h:17:
In file included from D:/Documents/GitHub/CHDlite/src/mame/osd\osdcore.h:16:
D:/Documents/GitHub/CHDlite/src/mame/util\strformat.h:1685:17: warning: 'strerror' is deprecated: This function or variable may be unsafe. Consider using strerror_s instead. To disable deprecation, use _CRT_SECURE_NO_WARNINGS. See online help for details. [-Wdeprecated-declarations]
 1685 |                                 str << std::strerror(errno);
      |                                             ^
C:\Program Files (x86)\Windows Kits\10\Include\10.0.26100.0\ucrt\string.h:177:16: note: 'strerror' has been explicitly marked deprecated here
  177 | _Check_return_ _CRT_INSECURE_DEPRECATE(strerror_s)
      |                ^
C:\VisualStudio\BuildTools\VC\Tools\MSVC\14.50.35717\include\vcruntime.h:368:55: note: expanded from macro '_CRT_INSECURE_DEPRECATE'
  368 |         #define _CRT_INSECURE_DEPRECATE(_Replacement) _CRT_DEPRECATE_TEXT(    \
      |                                                       ^
C:\VisualStudio\BuildTools\VC\Tools\MSVC\14.50.35717\include\vcruntime.h:358:47: note: expanded from macro '_CRT_DEPRECATE_TEXT'
  358 | #define _CRT_DEPRECATE_TEXT(_Text) __declspec(deprecated(_Text))
      |                                               ^
1 warning generated.
[85/100] Building CXX object CMakeFiles/chdlite_shared.dir/src/chd-api/detect_game_platform.cpp.obj
In file included from D:/Documents/GitHub/CHDlite/src/chd-api/detect_game_platform.cpp:8:
In file included from D:/Documents/GitHub/CHDlite/src/mame/util\cdrom.h:15:
In file included from D:/Documents/GitHub/CHDlite/src/mame/util\chd.h:17:
In file included from D:/Documents/GitHub/CHDlite/src/mame/osd\osdcore.h:16:
D:/Documents/GitHub/CHDlite/src/mame/util\strformat.h:1685:17: warning: 'strerror' is deprecated: This function or variable may be unsafe. Consider using strerror_s instead. To disable deprecation, use _CRT_SECURE_NO_WARNINGS. See online help for details. [-Wdeprecated-declarations]
 1685 |                                 str << std::strerror(errno);
      |                                             ^
C:\Program Files (x86)\Windows Kits\10\Include\10.0.26100.0\ucrt\string.h:177:16: note: 'strerror' has been explicitly marked deprecated here
  177 | _Check_return_ _CRT_INSECURE_DEPRECATE(strerror_s)
      |                ^
C:\VisualStudio\BuildTools\VC\Tools\MSVC\14.50.35717\include\vcruntime.h:368:55: note: expanded from macro '_CRT_INSECURE_DEPRECATE'
  368 |         #define _CRT_INSECURE_DEPRECATE(_Replacement) _CRT_DEPRECATE_TEXT(    \
      |                                                       ^
C:\VisualStudio\BuildTools\VC\Tools\MSVC\14.50.35717\include\vcruntime.h:358:47: note: expanded from macro '_CRT_DEPRECATE_TEXT'
  358 | #define _CRT_DEPRECATE_TEXT(_Text) __declspec(deprecated(_Text))
      |                                               ^
1 warning generated.
[86/100] Building CXX object CMakeFiles/chdlite_shared.dir/src/chd-api/chd_archiver.cpp.obj
In file included from D:/Documents/GitHub/CHDlite/src/chd-api/chd_archiver.cpp:9:
In file included from D:/Documents/GitHub/CHDlite/src/mame/util\chd.h:17:
In file included from D:/Documents/GitHub/CHDlite/src/mame/osd\osdcore.h:16:
D:/Documents/GitHub/CHDlite/src/mame/util\strformat.h:1685:17: warning: 'strerror' is deprecated: This function or variable may be unsafe. Consider using strerror_s instead. To disable deprecation, use _CRT_SECURE_NO_WARNINGS. See online help for details. [-Wdeprecated-declarations]
 1685 |                                 str << std::strerror(errno);
      |                                             ^
C:\Program Files (x86)\Windows Kits\10\Include\10.0.26100.0\ucrt\string.h:177:16: note: 'strerror' has been explicitly marked deprecated here
  177 | _Check_return_ _CRT_INSECURE_DEPRECATE(strerror_s)
      |                ^
C:\VisualStudio\BuildTools\VC\Tools\MSVC\14.50.35717\include\vcruntime.h:368:55: note: expanded from macro '_CRT_INSECURE_DEPRECATE'
  368 |         #define _CRT_INSECURE_DEPRECATE(_Replacement) _CRT_DEPRECATE_TEXT(    \
      |                                                       ^
C:\VisualStudio\BuildTools\VC\Tools\MSVC\14.50.35717\include\vcruntime.h:358:47: note: expanded from macro '_CRT_DEPRECATE_TEXT'
  358 | #define _CRT_DEPRECATE_TEXT(_Text) __declspec(deprecated(_Text))
      |                                               ^
1 warning generated.
[87/100] Building CXX object CMakeFiles/detect_test.dir/tests/detect_test.cpp.obj
[88/100] Building CXX object CMakeFiles/smoke_test.dir/tests/smoke_test.cpp.obj
D:/Documents/GitHub/CHDlite/tests/smoke_test.cpp:400:18: warning: 'fopen' is deprecated: This function or variable may be unsafe. Consider using fopen_s instead. To disable deprecation, use _CRT_SECURE_NO_WARNINGS. See online help for details. [-Wdeprecated-declarations]
  400 |     g_log = std::fopen(log_path.c_str(), "w");
      |                  ^
C:\Program Files (x86)\Windows Kits\10\Include\10.0.26100.0\ucrt\stdio.h:212:20: note: 'fopen' has been explicitly marked deprecated here
  212 |     _Check_return_ _CRT_INSECURE_DEPRECATE(fopen_s)
      |                    ^
C:\VisualStudio\BuildTools\VC\Tools\MSVC\14.50.35717\include\vcruntime.h:368:55: note: expanded from macro '_CRT_INSECURE_DEPRECATE'
  368 |         #define _CRT_INSECURE_DEPRECATE(_Replacement) _CRT_DEPRECATE_TEXT(    \
      |                                                       ^
C:\VisualStudio\BuildTools\VC\Tools\MSVC\14.50.35717\include\vcruntime.h:358:47: note: expanded from macro '_CRT_DEPRECATE_TEXT'
  358 | #define _CRT_DEPRECATE_TEXT(_Text) __declspec(deprecated(_Text))
      |                                               ^
1 warning generated.
[89/100] Building CXX object CMakeFiles/archive_test.dir/tests/archive_test.cpp.obj
D:/Documents/GitHub/CHDlite/tests/archive_test.cpp:268:47: warning: format specifies type 'char *' but the argument has type 'const value_type *' (aka 'const wchar_t *') [-Wformat]
  268 |             std::printf("    -> %s (%llu)\n", fs::path(f).filename().c_str(),
      |                                 ~~            ^~~~~~~~~~~~~~~~~~~~~~~~~~~~~~
      |                                 %ls
D:/Documents/GitHub/CHDlite/tests/archive_test.cpp:288:25: warning: format specifies type 'char *' but the argument has type 'const value_type *' (aka 'const wchar_t *') [-Wformat]
  287 |             std::printf("  Compare: %s vs %s\n",
      |                                     ~~
      |                                     %ls
  288 |                         fs::path(tc.compare_files[0]).filename().c_str(),
      |                         ^~~~~~~~~~~~~~~~~~~~~~~~~~~~~~~~~~~~~~~~~~~~~~~~
D:/Documents/GitHub/CHDlite/tests/archive_test.cpp:289:25: warning: format specifies type 'char *' but the argument has type 'const value_type *' (aka 'const wchar_t *') [-Wformat]
  287 |             std::printf("  Compare: %s vs %s\n",
      |                                           ~~
      |                                           %ls
  288 |                         fs::path(tc.compare_files[0]).filename().c_str(),
  289 |                         fs::path(ext_main).filename().c_str());
      |                         ^~~~~~~~~~~~~~~~~~~~~~~~~~~~~~~~~~~~~
D:/Documents/GitHub/CHDlite/tests/archive_test.cpp:313:29: warning: format specifies type 'char *' but the argument has type 'const value_type *' (aka 'const wchar_t *') [-Wformat]
  312 |                 std::printf("  Track %zu: %s vs %s\n", i + 1,
      |                                           ~~
      |                                           %ls
  313 |                             fs::path(tc.compare_files[i]).filename().c_str(),
      |                             ^~~~~~~~~~~~~~~~~~~~~~~~~~~~~~~~~~~~~~~~~~~~~~~~
D:/Documents/GitHub/CHDlite/tests/archive_test.cpp:314:29: warning: format specifies type 'char *' but the argument has type 'const value_type *' (aka 'const wchar_t *') [-Wformat]
  312 |                 std::printf("  Track %zu: %s vs %s\n", i + 1,
      |                                                 ~~
      |                                                 %ls
  313 |                             fs::path(tc.compare_files[i]).filename().c_str(),
  314 |                             fs::path(ext_bins[i]).filename().c_str());
      |                             ^~~~~~~~~~~~~~~~~~~~~~~~~~~~~~~~~~~~~~~~
5 warnings generated.
[90/100] Building CXX object CMakeFiles/cue_style_test.dir/tests/cue_style_test.cpp.obj
[91/100] Linking CXX shared library D:\Documents\GitHub\CHDlite\Release\bin\chdlite.dll; Creating chdlite_shared.lib copy
resolve: C:\vcpkg\scripts\buildsystems\msbuild\applocal.ps1:162:1
Line |
 162 |  resolve($targetBinary)
     |  ~~~~~~~~~~~~~~~~~~~~~~
     | Neither dumpbin, llvm-objdump nor objdump could be found. Can not take
     | care of dll dependencies.
[92/100] Linking CXX executable D:\Documents\GitHub\CHDlite\Release\bin\smoke_test.exe
resolve: C:\vcpkg\scripts\buildsystems\msbuild\applocal.ps1:162:1
Line |
 162 |  resolve($targetBinary)
     |  ~~~~~~~~~~~~~~~~~~~~~~
     | Neither dumpbin, llvm-objdump nor objdump could be found. Can not take
     | care of dll dependencies.
[93/100] Building CXX object CMakeFiles/cli_test.dir/tests/cli_test.cpp.obj
D:/Documents/GitHub/CHDlite/tests/cli_test.cpp:105:24: warning: 'fopen' is deprecated: This function or variable may be unsafe. Consider using fopen_s instead. To disable deprecation, use _CRT_SECURE_NO_WARNINGS. See online help for details. [-Wdeprecated-declarations]
  105 |         FILE* f = std::fopen(tmp.c_str(), "r");
      |                        ^
C:\Program Files (x86)\Windows Kits\10\Include\10.0.26100.0\ucrt\stdio.h:212:20: note: 'fopen' has been explicitly marked deprecated here
  212 |     _Check_return_ _CRT_INSECURE_DEPRECATE(fopen_s)
      |                    ^
C:\VisualStudio\BuildTools\VC\Tools\MSVC\14.50.35717\include\vcruntime.h:368:55: note: expanded from macro '_CRT_INSECURE_DEPRECATE'
  368 |         #define _CRT_INSECURE_DEPRECATE(_Replacement) _CRT_DEPRECATE_TEXT(    \
      |                                                       ^
C:\VisualStudio\BuildTools\VC\Tools\MSVC\14.50.35717\include\vcruntime.h:358:47: note: expanded from macro '_CRT_DEPRECATE_TEXT'
  358 | #define _CRT_DEPRECATE_TEXT(_Text) __declspec(deprecated(_Text))
      |                                               ^
D:/Documents/GitHub/CHDlite/tests/cli_test.cpp:139:20: warning: 'fopen' is deprecated: This function or variable may be unsafe. Consider using fopen_s instead. To disable deprecation, use _CRT_SECURE_NO_WARNINGS. See online help for details. [-Wdeprecated-declarations]
  139 |     FILE* f = std::fopen(path.c_str(), "r");
      |                    ^
C:\Program Files (x86)\Windows Kits\10\Include\10.0.26100.0\ucrt\stdio.h:212:20: note: 'fopen' has been explicitly marked deprecated here
  212 |     _Check_return_ _CRT_INSECURE_DEPRECATE(fopen_s)
      |                    ^
C:\VisualStudio\BuildTools\VC\Tools\MSVC\14.50.35717\include\vcruntime.h:368:55: note: expanded from macro '_CRT_INSECURE_DEPRECATE'
  368 |         #define _CRT_INSECURE_DEPRECATE(_Replacement) _CRT_DEPRECATE_TEXT(    \
      |                                                       ^
C:\VisualStudio\BuildTools\VC\Tools\MSVC\14.50.35717\include\vcruntime.h:358:47: note: expanded from macro '_CRT_DEPRECATE_TEXT'
  358 | #define _CRT_DEPRECATE_TEXT(_Text) __declspec(deprecated(_Text))
      |                                               ^
D:/Documents/GitHub/CHDlite/tests/cli_test.cpp:479:27: warning: overlapping comparisons always evaluate to true [-Wtautological-overlap-compare]
  479 |             check(rc == 0 || rc != 0, "extractcd without -f on existing output (behavior noted)");
      |                   ~~~~~~~~^~~~~~~~~~
3 warnings generated.
[94/100] Linking CXX executable D:\Documents\GitHub\CHDlite\Release\bin\detect_test.exe
resolve: C:\vcpkg\scripts\buildsystems\msbuild\applocal.ps1:162:1
Line |
 162 |  resolve($targetBinary)
     |  ~~~~~~~~~~~~~~~~~~~~~~
     | Neither dumpbin, llvm-objdump nor objdump could be found. Can not take
     | care of dll dependencies.
[95/100] Linking CXX executable D:\Documents\GitHub\CHDlite\Release\bin\archive_test.exe
resolve: C:\vcpkg\scripts\buildsystems\msbuild\applocal.ps1:162:1
Line |
 162 |  resolve($targetBinary)
     |  ~~~~~~~~~~~~~~~~~~~~~~
     | Neither dumpbin, llvm-objdump nor objdump could be found. Can not take
     | care of dll dependencies.
[96/100] Linking CXX executable D:\Documents\GitHub\CHDlite\Release\bin\cue_style_test.exe
resolve: C:\vcpkg\scripts\buildsystems\msbuild\applocal.ps1:162:1
Line |
 162 |  resolve($targetBinary)
     |  ~~~~~~~~~~~~~~~~~~~~~~
     | Neither dumpbin, llvm-objdump nor objdump could be found. Can not take
     | care of dll dependencies.
[97/100] Building CXX object CMakeFiles/chdlite_cli.dir/src/cli/chdlite_cli.cpp.obj
D:/Documents/GitHub/CHDlite/src/cli/chdlite_cli.cpp:139:61: warning: 'localtime' is deprecated: This function or variable may be unsafe. Consider using localtime_s instead. To disable deprecation, use _CRT_SECURE_NO_WARNINGS. See online help for details. [-Wdeprecated-declarations]
  139 |     std::strftime(ts, sizeof(ts), "%Y-%m-%d %H:%M:%S", std::localtime(&time_t_now));
      |                                                             ^
C:\Program Files (x86)\Windows Kits\10\Include\10.0.26100.0\ucrt\time.h:524:9: note: 'localtime' has been explicitly marked deprecated here
  524 |         _CRT_INSECURE_DEPRECATE(localtime_s)
      |         ^
C:\VisualStudio\BuildTools\VC\Tools\MSVC\14.50.35717\include\vcruntime.h:368:55: note: expanded from macro '_CRT_INSECURE_DEPRECATE'
  368 |         #define _CRT_INSECURE_DEPRECATE(_Replacement) _CRT_DEPRECATE_TEXT(    \
      |                                                       ^
C:\VisualStudio\BuildTools\VC\Tools\MSVC\14.50.35717\include\vcruntime.h:358:47: note: expanded from macro '_CRT_DEPRECATE_TEXT'
  358 | #define _CRT_DEPRECATE_TEXT(_Text) __declspec(deprecated(_Text))
      |                                               ^
D:/Documents/GitHub/CHDlite/src/cli/chdlite_cli.cpp:846:71: warning: 'localtime' is deprecated: This function or variable may be unsafe. Consider using localtime_s instead. To disable deprecation, use _CRT_SECURE_NO_WARNINGS. See online help for details. [-Wdeprecated-declarations]
  846 |     std::strftime(timebuf, sizeof(timebuf), "%Y-%m-%d %H:%M:%S", std::localtime(&now));
      |                                                                       ^
C:\Program Files (x86)\Windows Kits\10\Include\10.0.26100.0\ucrt\time.h:524:9: note: 'localtime' has been explicitly marked deprecated here
  524 |         _CRT_INSECURE_DEPRECATE(localtime_s)
      |         ^
C:\VisualStudio\BuildTools\VC\Tools\MSVC\14.50.35717\include\vcruntime.h:368:55: note: expanded from macro '_CRT_INSECURE_DEPRECATE'
  368 |         #define _CRT_INSECURE_DEPRECATE(_Replacement) _CRT_DEPRECATE_TEXT(    \
      |                                                       ^
C:\VisualStudio\BuildTools\VC\Tools\MSVC\14.50.35717\include\vcruntime.h:358:47: note: expanded from macro '_CRT_DEPRECATE_TEXT'
  358 | #define _CRT_DEPRECATE_TEXT(_Text) __declspec(deprecated(_Text))
      |                                               ^
D:/Documents/GitHub/CHDlite/src/cli/chdlite_cli.cpp:176:13: warning: unused function 'log_warning' [-Wunused-function]
  176 | static void log_warning(const std::string& msg)  { log_entry(LogLevel::Warning,  msg); }
      |             ^~~~~~~~~~~
D:/Documents/GitHub/CHDlite/src/cli/chdlite_cli.cpp:178:13: warning: unused function 'log_critical' [-Wunused-function]
  178 | static void log_critical(const std::string& msg) { log_entry(LogLevel::Critical, msg); }
      |             ^~~~~~~~~~~~
D:/Documents/GitHub/CHDlite/src/cli/chdlite_cli.cpp:307:20: warning: unused function 'hash_algorithm_name' [-Wunused-function]
  307 | static const char* hash_algorithm_name(HashFlags f)
      |                    ^~~~~~~~~~~~~~~~~~~
5 warnings generated.
[98/100] Linking CXX executable D:\Documents\GitHub\CHDlite\Release\bin\cli_test.exe
resolve: C:\vcpkg\scripts\buildsystems\msbuild\applocal.ps1:162:1
Line |
 162 |  resolve($targetBinary)
     |  ~~~~~~~~~~~~~~~~~~~~~~
     | Neither dumpbin, llvm-objdump nor objdump could be found. Can not take
     | care of dll dependencies.
[99/100] Linking CXX executable D:\Documents\GitHub\CHDlite\Release\bin\chdlite.exe; Creating chdread.exe, chdhash.exe, and chdcomp.exe copies
resolve: C:\vcpkg\scripts\buildsystems\msbuild\applocal.ps1:162:1
Line |
 162 |  resolve($targetBinary)
     |  ~~~~~~~~~~~~~~~~~~~~~~
     | Neither dumpbin, llvm-objdump nor objdump could be found. Can not take
     | care of dll dependencies.
